<?xml version="1.0" encoding="UTF-8"?>
<!-- Generated by org.testng.reporters.JUnitReportReporter -->
<testsuite hostname="Vasudha" failures="0" tests="3" name="MavenTestingProject.NewMavenProject.DependenciesExample" time="8.638" errors="0" timestamp="2023-09-29T00:01:05 IST" skipped="0">
  <testcase classname="MavenTestingProject.NewMavenProject.DependenciesExample" name="testcase1" time="0.779"/>
  <testcase classname="MavenTestingProject.NewMavenProject.DependenciesExample" name="testcase2" time="0.981"/>
  <testcase classname="MavenTestingProject.NewMavenProject.DependenciesExample" name="beforeClass" time="6.878"/>
</testsuite> <!-- MavenTestingProject.NewMavenProject.DependenciesExample -->
