<?xml version="1.0" encoding="UTF-8"?>
<!-- Generated by org.testng.reporters.JUnitReportReporter -->
<testsuite hostname="Vasudha" failures="0" tests="2" name="MavenTestingProject.NewMavenProject.ParametersExample" time="8.272" errors="0" timestamp="2023-09-28T23:59:55 IST" skipped="0">
  <testcase classname="MavenTestingProject.NewMavenProject.ParametersExample" name="testcase1" time="4.347"/>
  <testcase classname="MavenTestingProject.NewMavenProject.ParametersExample" name="testcase1" time="3.925"/>
</testsuite> <!-- MavenTestingProject.NewMavenProject.ParametersExample -->
