<?xml version="1.0" encoding="UTF-8"?>
<!-- Generated by org.testng.reporters.JUnitReportReporter -->
<testsuite hostname="Vasudha" failures="0" tests="1" name="WebApplicationTest" time="1.038" errors="0" timestamp="2023-09-28T11:37:41 IST" skipped="0">
  <testcase classname="WebApplicationTest" name="testcase1" time="1.038"/>
</testsuite> <!-- WebApplicationTest -->
