<?xml version="1.0" encoding="UTF-8"?>
<!-- Generated by org.testng.reporters.JUnitReportReporter -->
<testsuite hostname="Vasudha" failures="0" tests="2" name="MavenTestingProject.NewMavenProject.reporterLog" time="5.522" errors="0" timestamp="2023-09-29T12:27:59 IST" skipped="0">
  <testcase classname="MavenTestingProject.NewMavenProject.reporterLog" name="tc2" time="0.710"/>
  <testcase classname="MavenTestingProject.NewMavenProject.reporterLog" name="tc1" time="4.812">
    <system-out>
      <![CDATA[Setting the browser true]]>
    </system-out>
  </testcase> <!-- tc1 -->
  <system-out>
    <![CDATA[Setting the browser true]]>
  </system-out>
</testsuite> <!-- MavenTestingProject.NewMavenProject.reporterLog -->
