<?xml version="1.0" encoding="UTF-8"?>
<!-- Generated by org.testng.reporters.JUnitReportReporter -->
<testsuite hostname="Vasudha" failures="0" tests="2" name="parallelTesting.ParallelTesting" time="9.551" errors="0" timestamp="2023-09-28T17:18:22 IST" skipped="0">
  <testcase classname="parallelTesting.ParallelTesting" name="testcase1" time="4.674"/>
  <testcase classname="parallelTesting.ParallelTesting" name="testcase2" time="4.877"/>
</testsuite> <!-- parallelTesting.ParallelTesting -->
